<?xml version="1.0" encoding="UTF-8"?>
<!-- Generated by org.testng.reporters.JUnitReportReporter -->
<testsuite skipped="0" hostname="Lenovo" name="com.seldemo.selenium.SelDemo" tests="1" failures="0" timestamp="30 Jun 2020 15:29:42 GMT" time="0.020" errors="0">
  <testcase name="tetsel" time="0.020" classname="com.seldemo.selenium.SelDemo"/>
</testsuite> <!-- com.seldemo.selenium.SelDemo -->
